# JRE version: OpenJDK Runtime Environment (17.0.6) (build 17.0.6+0-b2043.56-10027231)
# Java VM: OpenJDK 64-Bit Server VM (17.0.6+0-b2043.56-10027231, mixed mode, tiered, compressed oops, compressed class ptrs, g1 gc, windows-amd64)
GC Precious Log:
 CPUs: 12 total, 12 available
 Memory: 7876M
 Large Page Support: Disabled
 NUMA Support: Disabled
 Compressed Oops: Enabled (Zero based)
 Heap Region Size: 4M
 Heap Min Capacity: 8M
 Heap Initial Capacity: 124M
 Heap Max Capacity: 8G
 Pre-touch: Disabled
 Parallel Workers: 10
 Concurrent Workers: 3
 Concurrent Refinement Workers: 10
 Periodic GC: Disabled
Heap:
 garbage-first heap   total 954368K, used 732780K [0x0000000600000000, 0x0000000800000000)
  region size 4096K, 3 young (12288K), 3 survivors (12288K)
 Metaspace       used 160641K, committed 162880K, reserved 1187840K
  class space    used 23139K, committed 24128K, reserved 1048576K
GC Heap History (20 events):
Event: 120.342 GC heap after
{Heap after GC invocations=79 (full 0):
 garbage-first heap   total 794624K, used 357176K [0x0000000600000000, 0x0000000800000000)
  region size 4096K, 12 young (49152K), 12 survivors (49152K)
 Metaspace       used 131108K, committed 132992K, reserved 1163264K
  class space    used 18286K, committed 19072K, reserved 1048576K
}
Event: 141.745 GC heap before
{Heap before GC invocations=79 (full 0):
 garbage-first heap   total 794624K, used 627512K [0x0000000600000000, 0x0000000800000000)
  region size 4096K, 79 young (323584K), 12 survivors (49152K)
 Metaspace       used 134825K, committed 136768K, reserved 1171456K
  class space    used 18648K, committed 19520K, reserved 1048576K
}
Event: 141.842 GC heap after
{Heap after GC invocations=80 (full 0):
 garbage-first heap   total 794624K, used 374026K [0x0000000600000000, 0x0000000800000000)
  region size 4096K, 4 young (16384K), 4 survivors (16384K)
 Metaspace       used 134825K, committed 136768K, reserved 1171456K
  class space    used 18648K, committed 19520K, reserved 1048576K
}
Event: 146.722 GC heap before
{Heap before GC invocations=80 (full 0):
 garbage-first heap   total 794624K, used 640266K [0x0000000600000000, 0x0000000800000000)
  region size 4096K, 70 young (286720K), 4 survivors (16384K)
 Metaspace       used 136376K, committed 138432K, reserved 1171456K
  class space    used 18813K, committed 19712K, reserved 1048576K
}
Event: 146.756 GC heap after
{Heap after GC invocations=81 (full 0):
 garbage-first heap   total 794624K, used 384439K [0x0000000600000000, 0x0000000800000000)
  region size 4096K, 7 young (28672K), 7 survivors (28672K)
 Metaspace       used 136376K, committed 138432K, reserved 1171456K
  class space    used 18813K, committed 19712K, reserved 1048576K
}
Event: 149.256 GC heap before
{Heap before GC invocations=81 (full 0):
 garbage-first heap   total 794624K, used 646583K [0x0000000600000000, 0x0000000800000000)
  region size 4096K, 72 young (294912K), 7 survivors (28672K)
 Metaspace       used 136815K, committed 138880K, reserved 1171456K
  class space    used 18848K, committed 19776K, reserved 1048576K
}
Event: 149.309 GC heap after
{Heap after GC invocations=82 (full 0):
 garbage-first heap   total 794624K, used 400810K [0x0000000600000000, 0x0000000800000000)
  region size 4096K, 9 young (36864K), 9 survivors (36864K)
 Metaspace       used 136815K, committed 138880K, reserved 1171456K
  class space    used 18848K, committed 19776K, reserved 1048576K
}
Event: 152.510 GC heap before
{Heap before GC invocations=82 (full 0):
 garbage-first heap   total 794624K, used 650666K [0x0000000600000000, 0x0000000800000000)
  region size 4096K, 71 young (290816K), 9 survivors (36864K)
 Metaspace       used 139711K, committed 141824K, reserved 1171456K
  class space    used 19198K, committed 20160K, reserved 1048576K
}
Event: 152.557 GC heap after
{Heap after GC invocations=83 (full 0):
 garbage-first heap   total 794624K, used 424712K [0x0000000600000000, 0x0000000800000000)
  region size 4096K, 7 young (28672K), 7 survivors (28672K)
 Metaspace       used 139711K, committed 141824K, reserved 1171456K
  class space    used 19198K, committed 20160K, reserved 1048576K
}
Event: 154.370 GC heap before
{Heap before GC invocations=83 (full 0):
 garbage-first heap   total 794624K, used 662280K [0x0000000600000000, 0x0000000800000000)
  region size 4096K, 63 young (258048K), 7 survivors (28672K)
 Metaspace       used 142410K, committed 144640K, reserved 1179648K
  class space    used 19614K, committed 20608K, reserved 1048576K
}
Event: 154.406 GC heap after
{Heap after GC invocations=84 (full 0):
 garbage-first heap   total 794624K, used 468897K [0x0000000600000000, 0x0000000800000000)
  region size 4096K, 8 young (32768K), 8 survivors (32768K)
 Metaspace       used 142410K, committed 144640K, reserved 1179648K
  class space    used 19614K, committed 20608K, reserved 1048576K
}
Event: 156.452 GC heap before
{Heap before GC invocations=84 (full 0):
 garbage-first heap   total 794624K, used 665505K [0x0000000600000000, 0x0000000800000000)
  region size 4096K, 51 young (208896K), 8 survivors (32768K)
 Metaspace       used 148039K, committed 150208K, reserved 1179648K
  class space    used 20585K, committed 21568K, reserved 1048576K
}
Event: 156.507 GC heap after
{Heap after GC invocations=85 (full 0):
 garbage-first heap   total 954368K, used 534785K [0x0000000600000000, 0x0000000800000000)
  region size 4096K, 7 young (28672K), 7 survivors (28672K)
 Metaspace       used 148039K, committed 150208K, reserved 1179648K
  class space    used 20585K, committed 21568K, reserved 1048576K
}
Event: 159.595 GC heap before
{Heap before GC invocations=85 (full 0):
 garbage-first heap   total 954368K, used 747777K [0x0000000600000000, 0x0000000800000000)
  region size 4096K, 60 young (245760K), 7 survivors (28672K)
 Metaspace       used 158143K, committed 160384K, reserved 1187840K
  class space    used 22720K, committed 23744K, reserved 1048576K
}
Event: 159.694 GC heap after
{Heap after GC invocations=86 (full 0):
 garbage-first heap   total 954368K, used 586771K [0x0000000600000000, 0x0000000800000000)
  region size 4096K, 8 young (32768K), 8 survivors (32768K)
 Metaspace       used 158143K, committed 160384K, reserved 1187840K
  class space    used 22720K, committed 23744K, reserved 1048576K
}
Event: 160.711 GC heap before
{Heap before GC invocations=86 (full 0):
 garbage-first heap   total 954368K, used 750611K [0x0000000600000000, 0x0000000800000000)
  region size 4096K, 49 young (200704K), 8 survivors (32768K)
 Metaspace       used 159901K, committed 162112K, reserved 1187840K
  class space    used 23026K, committed 24000K, reserved 1048576K
}
Event: 160.852 GC heap after
{Heap after GC invocations=87 (full 0):
 garbage-first heap   total 954368K, used 662660K [0x0000000600000000, 0x0000000800000000)
  region size 4096K, 7 young (28672K), 7 survivors (28672K)
 Metaspace       used 159901K, committed 162112K, reserved 1187840K
  class space    used 23026K, committed 24000K, reserved 1048576K
}
Event: 161.281 GC heap before
{Heap before GC invocations=87 (full 0):
 garbage-first heap   total 954368K, used 765060K [0x0000000600000000, 0x0000000800000000)
  region size 4096K, 32 young (131072K), 7 survivors (28672K)
 Metaspace       used 160369K, committed 162624K, reserved 1187840K
  class space    used 23117K, committed 24128K, reserved 1048576K
}
Event: 161.368 GC heap after
{Heap after GC invocations=88 (full 0):
 garbage-first heap   total 954368K, used 708204K [0x0000000600000000, 0x0000000800000000)
  region size 4096K, 4 young (16384K), 4 survivors (16384K)
 Metaspace       used 160369K, committed 162624K, reserved 1187840K
  class space    used 23117K, committed 24128K, reserved 1048576K
}
Event: 161.680 GC heap before
{Heap before GC invocations=88 (full 0):
 garbage-first heap   total 954368K, used 777836K [0x0000000600000000, 0x0000000800000000)
  region size 4096K, 22 young (90112K), 4 survivors (16384K)
 Metaspace       used 160641K, committed 162880K, reserved 1187840K
  class space    used 23139K, committed 24128K, reserved 1048576K
}

