# JRE version: OpenJDK Runtime Environment (17.0.6) (build 17.0.6+0-b2043.56-10027231)
# Java VM: OpenJDK 64-Bit Server VM (17.0.6+0-b2043.56-10027231, mixed mode, tiered, compressed oops, compressed class ptrs, g1 gc, windows-amd64)
GC Precious Log:
 CPUs: 12 total, 12 available
 Memory: 7876M
 Large Page Support: Disabled
 NUMA Support: Disabled
 Compressed Oops: Enabled (Zero based)
 Heap Region Size: 4M
 Heap Min Capacity: 8M
 Heap Initial Capacity: 124M
 Heap Max Capacity: 8G
 Pre-touch: Disabled
 Parallel Workers: 10
 Concurrent Workers: 3
 Concurrent Refinement Workers: 10
 Periodic GC: Disabled
Heap:
 garbage-first heap   total 1265664K, used 797529K [0x0000000600000000, 0x0000000800000000)
  region size 4096K, 10 young (40960K), 10 survivors (40960K)
 Metaspace       used 192050K, committed 194688K, reserved 1220608K
  class space    used 26253K, committed 27456K, reserved 1048576K
GC Heap History (20 events):
Event: 251.432 GC heap after
{Heap after GC invocations=76 (full 0):
 garbage-first heap   total 872448K, used 443626K [0x0000000600000000, 0x0000000800000000)
  region size 4096K, 4 young (16384K), 4 survivors (16384K)
 Metaspace       used 165577K, committed 167872K, reserved 1196032K
  class space    used 21997K, committed 23040K, reserved 1048576K
}
Event: 258.810 GC heap before
{Heap before GC invocations=76 (full 0):
 garbage-first heap   total 872448K, used 709866K [0x0000000600000000, 0x0000000800000000)
  region size 4096K, 70 young (286720K), 4 survivors (16384K)
 Metaspace       used 166102K, committed 168384K, reserved 1196032K
  class space    used 22029K, committed 23040K, reserved 1048576K
}
Event: 258.851 GC heap after
{Heap after GC invocations=77 (full 0):
 garbage-first heap   total 872448K, used 460277K [0x0000000600000000, 0x0000000800000000)
  region size 4096K, 8 young (32768K), 8 survivors (32768K)
 Metaspace       used 166102K, committed 168384K, reserved 1196032K
  class space    used 22029K, committed 23040K, reserved 1048576K
}
Event: 267.861 GC heap before
{Heap before GC invocations=77 (full 0):
 garbage-first heap   total 872448K, used 710133K [0x0000000600000000, 0x0000000800000000)
  region size 4096K, 70 young (286720K), 8 survivors (32768K)
 Metaspace       used 167033K, committed 169408K, reserved 1196032K
  class space    used 22085K, committed 23168K, reserved 1048576K
}
Event: 267.904 GC heap after
{Heap after GC invocations=78 (full 0):
 garbage-first heap   total 872448K, used 457149K [0x0000000600000000, 0x0000000800000000)
  region size 4096K, 4 young (16384K), 4 survivors (16384K)
 Metaspace       used 167033K, committed 169408K, reserved 1196032K
  class space    used 22085K, committed 23168K, reserved 1048576K
}
Event: 278.559 GC heap before
{Heap before GC invocations=78 (full 0):
 garbage-first heap   total 872448K, used 711101K [0x0000000600000000, 0x0000000800000000)
  region size 4096K, 67 young (274432K), 4 survivors (16384K)
 Metaspace       used 168266K, committed 170816K, reserved 1204224K
  class space    used 22244K, committed 23360K, reserved 1048576K
}
Event: 278.671 GC heap after
{Heap after GC invocations=79 (full 0):
 garbage-first heap   total 872448K, used 468208K [0x0000000600000000, 0x0000000800000000)
  region size 4096K, 6 young (24576K), 6 survivors (24576K)
 Metaspace       used 168266K, committed 170816K, reserved 1204224K
  class space    used 22244K, committed 23360K, reserved 1048576K
}
Event: 289.088 GC heap before
{Heap before GC invocations=79 (full 0):
 garbage-first heap   total 872448K, used 660720K [0x0000000600000000, 0x0000000800000000)
  region size 4096K, 52 young (212992K), 6 survivors (24576K)
 Metaspace       used 169152K, committed 171712K, reserved 1204224K
  class space    used 22328K, committed 23488K, reserved 1048576K
}
Event: 289.204 GC heap after
{Heap after GC invocations=80 (full 0):
 garbage-first heap   total 872448K, used 482852K [0x0000000600000000, 0x0000000800000000)
  region size 4096K, 6 young (24576K), 6 survivors (24576K)
 Metaspace       used 169152K, committed 171712K, reserved 1204224K
  class space    used 22328K, committed 23488K, reserved 1048576K
}
Event: 289.771 GC heap before
{Heap before GC invocations=80 (full 0):
 garbage-first heap   total 872448K, used 564772K [0x0000000600000000, 0x0000000800000000)
  region size 4096K, 8 young (32768K), 6 survivors (24576K)
 Metaspace       used 169169K, committed 171712K, reserved 1204224K
  class space    used 22330K, committed 23488K, reserved 1048576K
}
Event: 289.800 GC heap after
{Heap after GC invocations=81 (full 0):
 garbage-first heap   total 872448K, used 560125K [0x0000000600000000, 0x0000000800000000)
  region size 4096K, 3 young (12288K), 3 survivors (12288K)
 Metaspace       used 169169K, committed 171712K, reserved 1204224K
  class space    used 22330K, committed 23488K, reserved 1048576K
}
Event: 297.866 GC heap before
{Heap before GC invocations=82 (full 0):
 garbage-first heap   total 1265664K, used 793597K [0x0000000600000000, 0x0000000800000000)
  region size 4096K, 40 young (163840K), 3 survivors (12288K)
 Metaspace       used 168619K, committed 171200K, reserved 1204224K
  class space    used 22336K, committed 23488K, reserved 1048576K
}
Event: 297.910 GC heap after
{Heap after GC invocations=83 (full 0):
 garbage-first heap   total 1265664K, used 632434K [0x0000000600000000, 0x0000000800000000)
  region size 4096K, 5 young (20480K), 5 survivors (20480K)
 Metaspace       used 168619K, committed 171200K, reserved 1204224K
  class space    used 22336K, committed 23488K, reserved 1048576K
}
Event: 298.873 GC heap before
{Heap before GC invocations=83 (full 0):
 garbage-first heap   total 1265664K, used 669298K [0x0000000600000000, 0x0000000800000000)
  region size 4096K, 16 young (65536K), 5 survivors (20480K)
 Metaspace       used 168925K, committed 171456K, reserved 1204224K
  class space    used 22399K, committed 23552K, reserved 1048576K
}
Event: 298.928 GC heap after
{Heap after GC invocations=84 (full 0):
 garbage-first heap   total 1265664K, used 618817K [0x0000000600000000, 0x0000000800000000)
  region size 4096K, 1 young (4096K), 1 survivors (4096K)
 Metaspace       used 168925K, committed 171456K, reserved 1204224K
  class space    used 22399K, committed 23552K, reserved 1048576K
}
Event: 306.374 GC heap before
{Heap before GC invocations=84 (full 0):
 garbage-first heap   total 1265664K, used 1102145K [0x0000000600000000, 0x0000000800000000)
  region size 4096K, 110 young (450560K), 1 survivors (4096K)
 Metaspace       used 188013K, committed 190592K, reserved 1220608K
  class space    used 25681K, committed 26816K, reserved 1048576K
}
Event: 306.567 GC heap after
{Heap after GC invocations=85 (full 0):
 garbage-first heap   total 1265664K, used 736020K [0x0000000600000000, 0x0000000800000000)
  region size 4096K, 14 young (57344K), 14 survivors (57344K)
 Metaspace       used 188013K, committed 190592K, reserved 1220608K
  class space    used 25681K, committed 26816K, reserved 1048576K
}
Event: 308.224 GC heap before
{Heap before GC invocations=85 (full 0):
 garbage-first heap   total 1265664K, used 1018644K [0x0000000600000000, 0x0000000800000000)
  region size 4096K, 84 young (344064K), 14 survivors (57344K)
 Metaspace       used 190672K, committed 193280K, reserved 1220608K
  class space    used 26079K, committed 27264K, reserved 1048576K
}
Event: 308.360 GC heap after
{Heap after GC invocations=86 (full 0):
 garbage-first heap   total 1265664K, used 761102K [0x0000000600000000, 0x0000000800000000)
  region size 4096K, 8 young (32768K), 8 survivors (32768K)
 Metaspace       used 190672K, committed 193280K, reserved 1220608K
  class space    used 26079K, committed 27264K, reserved 1048576K
}
Event: 309.812 GC heap before
{Heap before GC invocations=86 (full 0):
 garbage-first heap   total 1265664K, used 1027342K [0x0000000600000000, 0x0000000800000000)
  region size 4096K, 74 young (303104K), 8 survivors (32768K)
 Metaspace       used 192050K, committed 194688K, reserved 1220608K
  class space    used 26253K, committed 27456K, reserved 1048576K
}

